<?xml version="1.0" encoding="UTF-8"?>
<!-- Generated by org.testng.reporters.JUnitXMLReporter -->
<testsuite hostname="jagadeesh" name="Nvidia-Rest_API&#039;s-Test" tests="34" failures="8" timestamp="1 Sep 2016 14:49:38 GMT" time="8.362" errors="0">
  <testcase name="fetch" time="2.09" classname="com.nvidia.cosmos.controller.CustomerControllerTest">
    <failure type="java.lang.AssertionError">
      <![CDATA[java.lang.AssertionError
	at com.nvidia.cosmos.controller.CustomerControllerTest.fetch(CustomerControllerTest.java:92)
... Removed 24 stack frames]]>
    </failure>
  </testcase> <!-- fetch -->
  <testcase name="customerExit" time="0.101" classname="com.nvidia.cosmos.controller.CustomerControllerTest">
    <failure type="java.lang.AssertionError" message="expected:&amp;lt;This email is acceptable&amp;gt; but was:&amp;lt;Customer with this email already exists&amp;gt;">
      <![CDATA[java.lang.AssertionError: expected:<This email is acceptable> but was:<Customer with this email already exists>
	at com.nvidia.cosmos.controller.CustomerControllerTest.customerExit(CustomerControllerTest.java:118)
... Removed 26 stack frames]]>
    </failure>
  </testcase> <!-- customerExit -->
  <testcase name="register" time="0.073" classname="com.nvidia.cosmos.controller.CustomerControllerTest">
    <failure type="java.lang.AssertionError">
      <![CDATA[java.lang.AssertionError
	at com.nvidia.cosmos.controller.CustomerControllerTest.register(CustomerControllerTest.java:157)
... Removed 24 stack frames]]>
    </failure>
  </testcase> <!-- register -->
  <testcase name="listCCustomers" time="0.084" classname="com.nvidia.cosmos.controller.CustomerControllerTest"/>
  <testcase name="customerDelete" time="0.066" classname="com.nvidia.cosmos.controller.CustomerControllerTest">
    <failure type="java.lang.AssertionError">
      <![CDATA[java.lang.AssertionError
	at com.nvidia.cosmos.controller.CustomerControllerTest.customerDelete(CustomerControllerTest.java:212)
... Removed 24 stack frames]]>
    </failure>
  </testcase> <!-- customerDelete -->
  <testcase name="updateClusterNfsDetails" time="0.131" classname="com.nvidia.cosmos.controller.ClusterControllerTest">
    <failure type="com.fasterxml.jackson.databind.exc.UnrecognizedPropertyException" message="Unrecognized field &amp;quot;timestamp&amp;quot; (class com.nvidia.cosmos.cloud.dtos.ApiResponseDTO), not marked as ignorable (2 known properties: &amp;quot;message&amp;quot;, &amp;quot;statusCode&amp;quot;])
 at [Source: {&amp;quot;timestamp&amp;quot;:1472741373281,&amp;quot;status&amp;quot;:401,&amp;quot;error&amp;quot;:&amp;quot;Unauthorized&amp;quot;,&amp;quot;message&amp;quot;:&amp;quot;No message available&amp;quot;,&amp;quot;path&amp;quot;:&amp;quot;/api/cluster/updatenfs&amp;quot;}; line: 1, column: 27] (through reference chain: com.nvidia.cosmos.cloud.dtos.ApiResponseDTO[&amp;quot;timestamp&amp;quot;])">
      <![CDATA[com.fasterxml.jackson.databind.exc.UnrecognizedPropertyException: Unrecognized field "timestamp" (class com.nvidia.cosmos.cloud.dtos.ApiResponseDTO), not marked as ignorable (2 known properties: "message", "statusCode"])
 at [Source: {"timestamp":1472741373281,"status":401,"error":"Unauthorized","message":"No message available","path":"/api/cluster/updatenfs"}; line: 1, column: 27] (through reference chain: com.nvidia.cosmos.cloud.dtos.ApiResponseDTO["timestamp"])
	at com.fasterxml.jackson.databind.exc.UnrecognizedPropertyException.from(UnrecognizedPropertyException.java:51)
	at com.fasterxml.jackson.databind.DeserializationContext.reportUnknownProperty(DeserializationContext.java:839)
	at com.fasterxml.jackson.databind.deser.std.StdDeserializer.handleUnknownProperty(StdDeserializer.java:1045)
	at com.fasterxml.jackson.databind.deser.BeanDeserializerBase.handleUnknownProperty(BeanDeserializerBase.java:1352)
	at com.fasterxml.jackson.databind.deser.BeanDeserializerBase.handleUnknownVanilla(BeanDeserializerBase.java:1330)
	at com.fasterxml.jackson.databind.deser.BeanDeserializer.vanillaDeserialize(BeanDeserializer.java:264)
	at com.fasterxml.jackson.databind.deser.BeanDeserializer.deserialize(BeanDeserializer.java:125)
	at com.fasterxml.jackson.databind.ObjectMapper._readMapAndClose(ObjectMapper.java:3736)
	at com.fasterxml.jackson.databind.ObjectMapper.readValue(ObjectMapper.java:2764)
	at com.fasterxml.jackson.databind.ObjectMapper$readValue$0.call(Unknown Source)
	at com.jayway.restassured.internal.path.json.mapping.JsonPathJackson2ObjectDeserializer.deserialize(JsonPathJackson2ObjectDeserializer.groovy:43)
	at com.jayway.restassured.path.json.mapping.JsonPathObjectDeserializer$deserialize.call(Unknown Source)
	at com.jayway.restassured.internal.mapping.Jackson2Mapper.deserialize(Jackson2Mapper.groovy:60)
	at com.jayway.restassured.mapper.ObjectMapper$deserialize.call(Unknown Source)
	at com.jayway.restassured.internal.mapping.ObjectMapping.parseWithJackson2(ObjectMapping.groovy:202)
	at com.jayway.restassured.internal.mapping.ObjectMapping$parseWithJackson2$0.callStatic(Unknown Source)
	at com.jayway.restassured.internal.mapping.ObjectMapping.deserialize(ObjectMapping.groovy:55)
	at com.jayway.restassured.internal.mapping.ObjectMapping$deserialize.call(Unknown Source)
	at com.jayway.restassured.internal.RestAssuredResponseOptionsGroovyImpl.as(RestAssuredResponseOptionsGroovyImpl.groovy:216)
	at com.jayway.restassured.internal.RestAssuredResponseOptionsImpl.as(RestAssuredResponseOptionsImpl.java:159)
	at com.nvidia.cosmos.controller.ClusterControllerTest.updateClusterNfsDetails(ClusterControllerTest.java:117)
... Removed 24 stack frames]]>
    </failure>
  </testcase> <!-- updateClusterNfsDetails -->
  <testcase name="findAllClustersDetails" time="0.058" classname="com.nvidia.cosmos.controller.ClusterControllerTest"/>
  <testcase name="getClusterByName" time="0.04" classname="com.nvidia.cosmos.controller.ClusterControllerTest"/>
  <testcase name="getNodeInfo" time="0.037" classname="com.nvidia.cosmos.controller.ClusterControllerTest"/>
  <testcase name="dashboard" time="0.039" classname="com.nvidia.cosmos.controller.DashBoardControllerTest"/>
  <testcase name="saveEula" time="0.317" classname="com.nvidia.cosmos.controller.EulaControllerTest"/>
  <testcase name="saveEntitilement1" time="0.112" classname="com.nvidia.cosmos.controller.EntitilementControllerTest"/>
  <testcase name="listCEntitlements1" time="0.119" classname="com.nvidia.cosmos.controller.EntitilementControllerTest"/>
  <testcase name="listByEntitlementName" time="0.054" classname="com.nvidia.cosmos.controller.EntitilementControllerTest"/>
  <testcase name="fetchByEntitlementName" time="0.068" classname="com.nvidia.cosmos.controller.EntitilementControllerTest"/>
  <testcase name="clusterGrafanaDataByCustomer" time="0.116" classname="com.nvidia.cosmos.controller.GrafanaControllerTest"/>
  <testcase name="nodeGrafanaDataByCustomer" time="0.165" classname="com.nvidia.cosmos.controller.GrafanaControllerTest"/>
  <testcase name="customerGrfanaDetails" time="0.038" classname="com.nvidia.cosmos.controller.GrafanaControllerTest"/>
  <testcase name="nodecreate" time="0.214" classname="com.nvidia.cosmos.controller.NodeControllerTest"/>
  <testcase name="getNodeByName" time="0.038" classname="com.nvidia.cosmos.controller.NodeControllerTest"/>
  <testcase name="getNodeByCluster" time="0.037" classname="com.nvidia.cosmos.controller.NodeControllerTest"/>
  <testcase name="getNodeById" time="0.04" classname="com.nvidia.cosmos.controller.NodeControllerTest"/>
  <testcase name="upgradeOnBootInNode" time="0.038" classname="com.nvidia.cosmos.controller.NodeControllerTest">
    <failure type="java.lang.AssertionError">
      <![CDATA[java.lang.AssertionError
	at com.nvidia.cosmos.controller.NodeControllerTest.upgradeOnBootInNode(NodeControllerTest.java:221)
... Removed 24 stack frames]]>
    </failure>
  </testcase> <!-- upgradeOnBootInNode -->
  <testcase name="reset" time="0.073" classname="com.nvidia.cosmos.controller.LoginControllerTest"/>
  <testcase name="resetverify" time="0.051" classname="com.nvidia.cosmos.controller.LoginControllerTest"/>
  <testcase name="resetuser" time="0.188" classname="com.nvidia.cosmos.controller.LoginControllerTest">
    <failure type="java.lang.AssertionError">
      <![CDATA[java.lang.AssertionError
	at com.nvidia.cosmos.controller.LoginControllerTest.resetuser(LoginControllerTest.java:142)
... Removed 24 stack frames]]>
    </failure>
  </testcase> <!-- resetuser -->
  <testcase name="register" time="0.136" classname="com.nvidia.cosmos.controller.UserControllerTest"/>
  <testcase name="updateuser" time="0.053" classname="com.nvidia.cosmos.controller.UserControllerTest"/>
  <testcase name="listUsers" time="0.056" classname="com.nvidia.cosmos.controller.UserControllerTest"/>
  <testcase name="findUserProfile" time="0.03" classname="com.nvidia.cosmos.controller.UserControllerTest"/>
  <testcase name="userValidate" time="0.613" classname="com.nvidia.cosmos.controller.UserControllerTest"/>
  <testcase name="profileUpdate" time="0.039" classname="com.nvidia.cosmos.controller.UserControllerTest"/>
  <testcase name="userDelete" time="0.04" classname="com.nvidia.cosmos.controller.UserControllerTest">
    <failure type="java.lang.AssertionError">
      <![CDATA[java.lang.AssertionError
	at com.nvidia.cosmos.controller.UserControllerTest.userDelete(UserControllerTest.java:280)
... Removed 24 stack frames]]>
    </failure>
  </testcase> <!-- userDelete -->
  <testcase name="updateUserProfile" time="1.888" classname="com.nvidia.cosmos.controller.UserControllerTest"/>
</testsuite> <!-- Nvidia-Rest_API's-Test -->
