<?xml version="1.0" encoding="UTF-8"?>
<testsuite name="Nvidia-Rest_API's-Test"
           tests="4"
           failures="1"
           errors="0"
           skipped="0"
           time="0.266">
  <properties />
            <testcase name="updateClusterNfsDetails" time="0.131" classname="com.nvidia.cosmos.controller.ClusterControllerTest">
                <failure type="com.fasterxml.jackson.databind.exc.UnrecognizedPropertyException"
                  message="Unrecognized field &quot;timestamp&quot; (class com.nvidia.cosmos.cloud.dtos.ApiResponseDTO), not marked as ignorable (2 known properties: &quot;message&quot;, &quot;statusCode&quot;])
 at [Source: {&quot;timestamp&quot;:1472741373281,&quot;status&quot;:401,&quot;error&quot;:&quot;Unauthorized&quot;,&quot;message&quot;:&quot;No message available&quot;,&quot;path&quot;:&quot;/api/cluster/updatenfs&quot;}; line: 1, column: 27] (through reference chain: com.nvidia.cosmos.cloud.dtos.ApiResponseDTO[&quot;timestamp&quot;])"
              >
<![CDATA[com.fasterxml.jackson.databind.exc.UnrecognizedPropertyException: Unrecognized field "timestamp" (class com.nvidia.cosmos.cloud.dtos.ApiResponseDTO), not marked as ignorable (2 known properties: "message", "statusCode"])
 at [Source: {"timestamp":1472741373281,"status":401,"error":"Unauthorized","message":"No message available","path":"/api/cluster/updatenfs"}; line: 1, column: 27] (through reference chain: com.nvidia.cosmos.cloud.dtos.ApiResponseDTO["timestamp"])
  com.fasterxml.jackson.databind.exc.UnrecognizedPropertyException.from(UnrecognizedPropertyException.java:51)
  com.fasterxml.jackson.databind.DeserializationContext.reportUnknownProperty(DeserializationContext.java:839)
  com.fasterxml.jackson.databind.deser.std.StdDeserializer.handleUnknownProperty(StdDeserializer.java:1045)
  com.fasterxml.jackson.databind.deser.BeanDeserializerBase.handleUnknownProperty(BeanDeserializerBase.java:1352)
  com.fasterxml.jackson.databind.deser.BeanDeserializerBase.handleUnknownVanilla(BeanDeserializerBase.java:1330)
  com.fasterxml.jackson.databind.deser.BeanDeserializer.vanillaDeserialize(BeanDeserializer.java:264)
  com.fasterxml.jackson.databind.deser.BeanDeserializer.deserialize(BeanDeserializer.java:125)
  com.fasterxml.jackson.databind.ObjectMapper._readMapAndClose(ObjectMapper.java:3736)
  com.fasterxml.jackson.databind.ObjectMapper.readValue(ObjectMapper.java:2764)
  com.fasterxml.jackson.databind.ObjectMapper$readValue$0.call(Unknown Source)
  com.jayway.restassured.internal.path.json.mapping.JsonPathJackson2ObjectDeserializer.deserialize(JsonPathJackson2ObjectDeserializer.groovy:43)
  com.jayway.restassured.path.json.mapping.JsonPathObjectDeserializer$deserialize.call(Unknown Source)
  com.jayway.restassured.internal.mapping.Jackson2Mapper.deserialize(Jackson2Mapper.groovy:60)
  com.jayway.restassured.mapper.ObjectMapper$deserialize.call(Unknown Source)
  com.jayway.restassured.internal.mapping.ObjectMapping.parseWithJackson2(ObjectMapping.groovy:202)
  com.jayway.restassured.internal.mapping.ObjectMapping$parseWithJackson2$0.callStatic(Unknown Source)
  com.jayway.restassured.internal.mapping.ObjectMapping.deserialize(ObjectMapping.groovy:55)
  com.jayway.restassured.internal.mapping.ObjectMapping$deserialize.call(Unknown Source)
  com.jayway.restassured.internal.RestAssuredResponseOptionsGroovyImpl.as(RestAssuredResponseOptionsGroovyImpl.groovy:216)
  com.jayway.restassured.internal.RestAssuredResponseOptionsImpl.as(RestAssuredResponseOptionsImpl.java:159)
  com.nvidia.cosmos.controller.ClusterControllerTest.updateClusterNfsDetails(ClusterControllerTest.java:117)
  sun.reflect.NativeMethodAccessorImpl.invoke0(Native Method)
  sun.reflect.NativeMethodAccessorImpl.invoke(Unknown Source)
  sun.reflect.DelegatingMethodAccessorImpl.invoke(Unknown Source)
  java.lang.reflect.Method.invoke(Unknown Source)
  org.testng.internal.MethodInvocationHelper.invokeMethod(MethodInvocationHelper.java:85)
  org.testng.internal.Invoker.invokeMethod(Invoker.java:659)
  org.testng.internal.Invoker.invokeTestMethod(Invoker.java:845)
  org.testng.internal.Invoker.invokeTestMethods(Invoker.java:1153)
  org.testng.internal.TestMethodWorker.invokeTestMethods(TestMethodWorker.java:125)
  org.testng.internal.TestMethodWorker.run(TestMethodWorker.java:108)
  org.testng.TestRunner.privateRun(TestRunner.java:771)
  org.testng.TestRunner.run(TestRunner.java:621)
  org.testng.SuiteRunner.runTest(SuiteRunner.java:357)
  org.testng.SuiteRunner.runSequentially(SuiteRunner.java:352)
  org.testng.SuiteRunner.privateRun(SuiteRunner.java:310)
  org.testng.SuiteRunner.run(SuiteRunner.java:259)
  org.testng.SuiteRunnerWorker.runSuite(SuiteRunnerWorker.java:52)
  org.testng.SuiteRunnerWorker.run(SuiteRunnerWorker.java:86)
  org.testng.TestNG.runSuitesSequentially(TestNG.java:1199)
  org.testng.TestNG.runSuitesLocally(TestNG.java:1124)
  org.testng.TestNG.run(TestNG.java:1032)
  org.testng.remote.RemoteTestNG.run(RemoteTestNG.java:111)
  org.testng.remote.RemoteTestNG.initAndRun(RemoteTestNG.java:204)
  org.testng.remote.RemoteTestNG.main(RemoteTestNG.java:175)
]]>
      </failure>

          </testcase>
  
  
            <testcase name="getClusterByName" time="0.040" classname="com.nvidia.cosmos.controller.ClusterControllerTest" />
                <testcase name="findAllClustersDetails" time="0.058" classname="com.nvidia.cosmos.controller.ClusterControllerTest" />
                <testcase name="getNodeInfo" time="0.037" classname="com.nvidia.cosmos.controller.ClusterControllerTest" />
      
</testsuite>
