<?xml version="1.0" encoding="UTF-8"?>
<testsuite name="Nvidia-Rest_API's-Test"
           tests="4"
           failures="0"
           errors="0"
           skipped="0"
           time="0.353">
  <properties />
  
  
            <testcase name="fetchByEntitlementName" time="0.068" classname="com.nvidia.cosmos.controller.EntitilementControllerTest" />
                <testcase name="listCEntitlements1" time="0.119" classname="com.nvidia.cosmos.controller.EntitilementControllerTest" />
                <testcase name="listByEntitlementName" time="0.054" classname="com.nvidia.cosmos.controller.EntitilementControllerTest" />
                <testcase name="saveEntitilement1" time="0.112" classname="com.nvidia.cosmos.controller.EntitilementControllerTest" />
      
</testsuite>
